2025-03-01 21:54:31 pid:1 TypeError: Workerman\Protocols\Ws::onClose(): Argument #1 ($connection) must be of type Workerman\Connection\AsyncTcpConnection, Workerman\Connection\TcpConnection given, called in C:\xampp\htdocs\Dibou960\chatapp-backend\vendor\workerman\workerman\src\Connection\TcpConnection.php on line 1065 and defined in C:\xampp\htdocs\Dibou960\chatapp-backend\vendor\workerman\workerman\src\Protocols\Ws.php:334
Stack trace:
#0 C:\xampp\htdocs\Dibou960\chatapp-backend\vendor\workerman\workerman\src\Connection\TcpConnection.php(1065): Workerman\Protocols\Ws::onClose(Object(Workerman\Connection\TcpConnection))
#1 C:\xampp\htdocs\Dibou960\chatapp-backend\vendor\workerman\workerman\src\Connection\TcpConnection.php(725): Workerman\Connection\TcpConnection->destroy()
#2 C:\xampp\htdocs\Dibou960\chatapp-backend\vendor\workerman\workerman\src\Events\Select.php(408): Workerman\Connection\TcpConnection->baseRead(Resource id #667)
#3 C:\xampp\htdocs\Dibou960\chatapp-backend\vendor\workerman\workerman\src\Worker.php(1601): Workerman\Events\Select->run()
#4 C:\xampp\htdocs\Dibou960\chatapp-backend\vendor\workerman\workerman\src\Worker.php(1526): Workerman\Worker::forkWorkersForWindows()
#5 C:\xampp\htdocs\Dibou960\chatapp-backend\vendor\workerman\workerman\src\Worker.php(593): Workerman\Worker::forkWorkers()
#6 C:\xampp\htdocs\Dibou960\chatapp-backend\app\Websockets\server.php(84): Workerman\Worker::runAll()
#7 C:\xampp\htdocs\Dibou960\chatapp-backend\app\Console\Commands\WebSocketServer.php(30): require_once('C:\\xampp\\htdocs...')
#8 C:\xampp\htdocs\Dibou960\chatapp-backend\vendor\laravel\framework\src\Illuminate\Container\BoundMethod.php(36): App\Console\Commands\WebSocketServer->handle()
#9 C:\xampp\htdocs\Dibou960\chatapp-backend\vendor\laravel\framework\src\Illuminate\Container\Util.php(43): Illuminate\Container\BoundMethod::Illuminate\Container\{closure}()
#10 C:\xampp\htdocs\Dibou960\chatapp-backend\vendor\laravel\framework\src\Illuminate\Container\BoundMethod.php(95): Illuminate\Container\Util::unwrapIfClosure(Object(Closure))
#11 C:\xampp\htdocs\Dibou960\chatapp-backend\vendor\laravel\framework\src\Illuminate\Container\BoundMethod.php(35): Illuminate\Container\BoundMethod::callBoundMethod(Object(Illuminate\Foundation\Application), Array, Object(Closure))
#12 C:\xampp\htdocs\Dibou960\chatapp-backend\vendor\laravel\framework\src\Illuminate\Container\Container.php(696): Illuminate\Container\BoundMethod::call(Object(Illuminate\Foundation\Application), Array, Array, NULL)
#13 C:\xampp\htdocs\Dibou960\chatapp-backend\vendor\laravel\framework\src\Illuminate\Console\Command.php(213): Illuminate\Container\Container->call(Array)
#14 C:\xampp\htdocs\Dibou960\chatapp-backend\vendor\symfony\console\Command\Command.php(279): Illuminate\Console\Command->execute(Object(Symfony\Component\Console\Input\ArgvInput), Object(Illuminate\Console\OutputStyle))
#15 C:\xampp\htdocs\Dibou960\chatapp-backend\vendor\laravel\framework\src\Illuminate\Console\Command.php(182): Symfony\Component\Console\Command\Command->run(Object(Symfony\Component\Console\Input\ArgvInput), Object(Illuminate\Console\OutputStyle))
#16 C:\xampp\htdocs\Dibou960\chatapp-backend\vendor\symfony\console\Application.php(1094): Illuminate\Console\Command->run(Object(Symfony\Component\Console\Input\ArgvInput), Object(Symfony\Component\Console\Output\ConsoleOutput))
#17 C:\xampp\htdocs\Dibou960\chatapp-backend\vendor\symfony\console\Application.php(342): Symfony\Component\Console\Application->doRunCommand(Object(App\Console\Commands\WebSocketServer), Object(Symfony\Component\Console\Input\ArgvInput), Object(Symfony\Component\Console\Output\ConsoleOutput))
#18 C:\xampp\htdocs\Dibou960\chatapp-backend\vendor\symfony\console\Application.php(193): Symfony\Component\Console\Application->doRun(Object(Symfony\Component\Console\Input\ArgvInput), Object(Symfony\Component\Console\Output\ConsoleOutput))
#19 C:\xampp\htdocs\Dibou960\chatapp-backend\vendor\laravel\framework\src\Illuminate\Foundation\Console\Kernel.php(198): Symfony\Component\Console\Application->run(Object(Symfony\Component\Console\Input\ArgvInput), Object(Symfony\Component\Console\Output\ConsoleOutput))
#20 C:\xampp\htdocs\Dibou960\chatapp-backend\vendor\laravel\framework\src\Illuminate\Foundation\Application.php(1235): Illuminate\Foundation\Console\Kernel->handle(Object(Symfony\Component\Console\Input\ArgvInput), Object(Symfony\Component\Console\Output\ConsoleOutput))
#21 C:\xampp\htdocs\Dibou960\chatapp-backend\artisan(13): Illuminate\Foundation\Application->handleCommand(Object(Symfony\Component\Console\Input\ArgvInput))
#22 {main}
2025-03-01 21:55:06 pid:1 TypeError: Workerman\Protocols\Ws::onClose(): Argument #1 ($connection) must be of type Workerman\Connection\AsyncTcpConnection, Workerman\Connection\TcpConnection given, called in C:\xampp\htdocs\Dibou960\chatapp-backend\vendor\workerman\workerman\src\Connection\TcpConnection.php on line 1065 and defined in C:\xampp\htdocs\Dibou960\chatapp-backend\vendor\workerman\workerman\src\Protocols\Ws.php:334
Stack trace:
#0 C:\xampp\htdocs\Dibou960\chatapp-backend\vendor\workerman\workerman\src\Connection\TcpConnection.php(1065): Workerman\Protocols\Ws::onClose(Object(Workerman\Connection\TcpConnection))
#1 C:\xampp\htdocs\Dibou960\chatapp-backend\vendor\workerman\workerman\src\Connection\TcpConnection.php(725): Workerman\Connection\TcpConnection->destroy()
#2 C:\xampp\htdocs\Dibou960\chatapp-backend\vendor\workerman\workerman\src\Events\Select.php(408): Workerman\Connection\TcpConnection->baseRead(Resource id #667)
#3 C:\xampp\htdocs\Dibou960\chatapp-backend\vendor\workerman\workerman\src\Worker.php(1601): Workerman\Events\Select->run()
#4 C:\xampp\htdocs\Dibou960\chatapp-backend\vendor\workerman\workerman\src\Worker.php(1526): Workerman\Worker::forkWorkersForWindows()
#5 C:\xampp\htdocs\Dibou960\chatapp-backend\vendor\workerman\workerman\src\Worker.php(593): Workerman\Worker::forkWorkers()
#6 C:\xampp\htdocs\Dibou960\chatapp-backend\app\Websockets\server.php(84): Workerman\Worker::runAll()
#7 C:\xampp\htdocs\Dibou960\chatapp-backend\app\Console\Commands\WebSocketServer.php(30): require_once('C:\\xampp\\htdocs...')
#8 C:\xampp\htdocs\Dibou960\chatapp-backend\vendor\laravel\framework\src\Illuminate\Container\BoundMethod.php(36): App\Console\Commands\WebSocketServer->handle()
#9 C:\xampp\htdocs\Dibou960\chatapp-backend\vendor\laravel\framework\src\Illuminate\Container\Util.php(43): Illuminate\Container\BoundMethod::Illuminate\Container\{closure}()
#10 C:\xampp\htdocs\Dibou960\chatapp-backend\vendor\laravel\framework\src\Illuminate\Container\BoundMethod.php(95): Illuminate\Container\Util::unwrapIfClosure(Object(Closure))
#11 C:\xampp\htdocs\Dibou960\chatapp-backend\vendor\laravel\framework\src\Illuminate\Container\BoundMethod.php(35): Illuminate\Container\BoundMethod::callBoundMethod(Object(Illuminate\Foundation\Application), Array, Object(Closure))
#12 C:\xampp\htdocs\Dibou960\chatapp-backend\vendor\laravel\framework\src\Illuminate\Container\Container.php(696): Illuminate\Container\BoundMethod::call(Object(Illuminate\Foundation\Application), Array, Array, NULL)
#13 C:\xampp\htdocs\Dibou960\chatapp-backend\vendor\laravel\framework\src\Illuminate\Console\Command.php(213): Illuminate\Container\Container->call(Array)
#14 C:\xampp\htdocs\Dibou960\chatapp-backend\vendor\symfony\console\Command\Command.php(279): Illuminate\Console\Command->execute(Object(Symfony\Component\Console\Input\ArgvInput), Object(Illuminate\Console\OutputStyle))
#15 C:\xampp\htdocs\Dibou960\chatapp-backend\vendor\laravel\framework\src\Illuminate\Console\Command.php(182): Symfony\Component\Console\Command\Command->run(Object(Symfony\Component\Console\Input\ArgvInput), Object(Illuminate\Console\OutputStyle))
#16 C:\xampp\htdocs\Dibou960\chatapp-backend\vendor\symfony\console\Application.php(1094): Illuminate\Console\Command->run(Object(Symfony\Component\Console\Input\ArgvInput), Object(Symfony\Component\Console\Output\ConsoleOutput))
#17 C:\xampp\htdocs\Dibou960\chatapp-backend\vendor\symfony\console\Application.php(342): Symfony\Component\Console\Application->doRunCommand(Object(App\Console\Commands\WebSocketServer), Object(Symfony\Component\Console\Input\ArgvInput), Object(Symfony\Component\Console\Output\ConsoleOutput))
#18 C:\xampp\htdocs\Dibou960\chatapp-backend\vendor\symfony\console\Application.php(193): Symfony\Component\Console\Application->doRun(Object(Symfony\Component\Console\Input\ArgvInput), Object(Symfony\Component\Console\Output\ConsoleOutput))
#19 C:\xampp\htdocs\Dibou960\chatapp-backend\vendor\laravel\framework\src\Illuminate\Foundation\Console\Kernel.php(198): Symfony\Component\Console\Application->run(Object(Symfony\Component\Console\Input\ArgvInput), Object(Symfony\Component\Console\Output\ConsoleOutput))
#20 C:\xampp\htdocs\Dibou960\chatapp-backend\vendor\laravel\framework\src\Illuminate\Foundation\Application.php(1235): Illuminate\Foundation\Console\Kernel->handle(Object(Symfony\Component\Console\Input\ArgvInput), Object(Symfony\Component\Console\Output\ConsoleOutput))
#21 C:\xampp\htdocs\Dibou960\chatapp-backend\artisan(13): Illuminate\Foundation\Application->handleCommand(Object(Symfony\Component\Console\Input\ArgvInput))
#22 {main}
